<?xml version="1.0" encoding="UTF-8"?>
<!-- Generated by org.testng.reporters.JUnitReportReporter -->
<testsuite skipped="0" hostname="DESKTOP-3V6906V" name="kalturaExercise.RunTests" tests="3" failures="0" timestamp="01 Sep 2019 20:09:57 GMT" time="1.842" errors="0">
  <testcase name="Test1" time="1.612" classname="kalturaExercise.RunTests"/>
  <testcase name="Test2" time="0.112" classname="kalturaExercise.RunTests"/>
  <testcase name="Test3" time="0.118" classname="kalturaExercise.RunTests"/>
</testsuite> <!-- kalturaExercise.RunTests -->
